<?xml version="1.0" encoding="UTF-8"?>
<testsuite name="AnalyzerTest" tests="1" skipped="0" failures="0" errors="0" timestamp="2022-06-06T22:07:07" hostname="localhost.localdomain" time="0.069">
  <properties/>
  <testcase name="should_ReturnNull_when_Company_Not_contains_list()" classname="AnalyzerTest" time="0.069"/>
  <system-out><![CDATA[]]></system-out>
  <system-err><![CDATA[]]></system-err>
</testsuite>
