<?xml version="1.0" encoding="UTF-8"?>
<testsuite name="AnalyzerTest" tests="1" skipped="0" failures="0" errors="0" timestamp="2022-05-25T12:46:37" hostname="DESKTOP-H7H5K9J" time="0.023">
  <properties/>
  <testcase name="test()" classname="AnalyzerTest" time="0.023"/>
  <system-out><![CDATA[]]></system-out>
  <system-err><![CDATA[]]></system-err>
</testsuite>
