<?xml version="1.0" encoding="UTF-8"?>
<testsuite name="AnalyzerTest" tests="2" skipped="0" failures="0" errors="0" timestamp="2022-05-26T16:51:00" hostname="MSI" time="0.02">
  <properties/>
  <testcase name="shouldReturn_Correct10LargestApp_WhenHaveCorrectData()" classname="AnalyzerTest" time="0.018"/>
  <testcase name="shouldReturnEmpty10LargestList_When_HaveEmptyAppList()" classname="AnalyzerTest" time="0.001"/>
  <system-out><![CDATA[]]></system-out>
  <system-err><![CDATA[]]></system-err>
</testsuite>
