<?xml version="1.0" encoding="UTF-8"?>
<testsuite name="AnalyzerTest" tests="1" skipped="0" failures="0" errors="0" timestamp="2022-05-27T00:48:36" hostname="MSI" time="0.019">
  <properties/>
  <testcase name="shouldReturn_Correct10LargestApp_WhenSizeWithoutNumericValue()" classname="AnalyzerTest" time="0.019"/>
  <system-out><![CDATA[]]></system-out>
  <system-err><![CDATA[]]></system-err>
</testsuite>
