<?xml version="1.0" encoding="UTF-8"?>
<testsuite name="AnalyzerTest" tests="1" skipped="0" failures="0" errors="0" timestamp="٢٠٢٢-٠٥-٢٧T٢٢:١٥:٤٢" hostname="DESKTOP-6EJC92A" time="0.038">
  <properties/>
  <testcase name="should_return_CorrectValue_when_propertyHasSpaceInRight()" classname="AnalyzerTest" time="0.038"/>
  <system-out><![CDATA[]]></system-out>
  <system-err><![CDATA[]]></system-err>
</testsuite>
