<?xml version="1.0" encoding="UTF-8"?>
<testsuite name="AnalyzerTest" tests="1" skipped="0" failures="0" errors="0" timestamp="2022-05-27T15:33:56" hostname="DESKTOP-H7H5K9J" time="0.033">
  <properties/>
  <testcase name="shouldReturn_Correct10LargestApp_WhenHaveCorrectData()" classname="AnalyzerTest" time="0.033"/>
  <system-out><![CDATA[]]></system-out>
  <system-err><![CDATA[]]></system-err>
</testsuite>
